e:\uah\cpe_512_into_to_parallel_programming\cpe_512_intro_to_parallel_programming\cpe_512_intro_to_parallel_programming\debug\vc141.pdb
e:\uah\cpe_512_into_to_parallel_programming\cpe_512_intro_to_parallel_programming\cpe_512_intro_to_parallel_programming\debug\vc141.idb
e:\uah\cpe_512_into_to_parallel_programming\cpe_512_intro_to_parallel_programming\cpe_512_intro_to_parallel_programming\debug\add_num_mpi.obj
e:\uah\cpe_512_into_to_parallel_programming\cpe_512_intro_to_parallel_programming\cpe_512_intro_to_parallel_programming\debug\add_num_mpi_rev1.obj
e:\uah\cpe_512_into_to_parallel_programming\cpe_512_intro_to_parallel_programming\cpe_512_intro_to_parallel_programming\debug\add_num_mpi_rev2.obj
e:\uah\cpe_512_into_to_parallel_programming\cpe_512_intro_to_parallel_programming\cpe_512_intro_to_parallel_programming\debug\test.obj
c:\users\krray\onedrive\documents\github\cpe_512_into_to_parallel_programming\cpe_512_intro_to_parallel_programming\cpe_512_intro_to_parallel_programming\debug\vc141.pdb
c:\users\krray\onedrive\documents\github\cpe_512_into_to_parallel_programming\cpe_512_intro_to_parallel_programming\cpe_512_intro_to_parallel_programming\debug\vc141.idb
c:\users\krray\onedrive\documents\github\cpe_512_into_to_parallel_programming\cpe_512_intro_to_parallel_programming\cpe_512_intro_to_parallel_programming\debug\add_num_mpi_rev3.obj
c:\users\krray\onedrive\documents\github\cpe_512_into_to_parallel_programming\cpe_512_intro_to_parallel_programming\debug\add_num_mpi.ilk
c:\users\krray\onedrive\documents\github\cpe_512_into_to_parallel_programming\cpe_512_intro_to_parallel_programming\debug\add_num_mpi.exe
c:\users\krray\onedrive\documents\github\cpe_512_into_to_parallel_programming\cpe_512_intro_to_parallel_programming\debug\add_num_mpi.pdb
c:\users\krray\onedrive\documents\github\cpe_512_into_to_parallel_programming\cpe_512_intro_to_parallel_programming\cpe_512_intro_to_parallel_programming\debug\add_num_mpi.obj
c:\users\krray\onedrive\documents\github\cpe_512_into_to_parallel_programming\cpe_512_intro_to_parallel_programming\cpe_512_intro_to_parallel_programming\debug\add_num_mpi_rev1.obj
c:\users\krray\onedrive\documents\github\cpe_512_into_to_parallel_programming\cpe_512_intro_to_parallel_programming\cpe_512_intro_to_parallel_programming\debug\add_num_mpi_rev2.obj
c:\users\krray\onedrive\documents\github\cpe_512_into_to_parallel_programming\cpe_512_intro_to_parallel_programming\cpe_512_intro_to_parallel_programming\debug\test.obj
c:\users\krray\onedrive\documents\github\cpe_512_into_to_parallel_programming\cpe_512_intro_to_parallel_programming\cpe_512_intro_to_parallel_programming\debug\add_num_mpi.tlog\cl.command.1.tlog
c:\users\krray\onedrive\documents\github\cpe_512_into_to_parallel_programming\cpe_512_intro_to_parallel_programming\cpe_512_intro_to_parallel_programming\debug\add_num_mpi.tlog\cl.read.1.tlog
c:\users\krray\onedrive\documents\github\cpe_512_into_to_parallel_programming\cpe_512_intro_to_parallel_programming\cpe_512_intro_to_parallel_programming\debug\add_num_mpi.tlog\cl.write.1.tlog
c:\users\krray\onedrive\documents\github\cpe_512_into_to_parallel_programming\cpe_512_intro_to_parallel_programming\cpe_512_intro_to_parallel_programming\debug\add_num_mpi.tlog\link.command.1.tlog
c:\users\krray\onedrive\documents\github\cpe_512_into_to_parallel_programming\cpe_512_intro_to_parallel_programming\cpe_512_intro_to_parallel_programming\debug\add_num_mpi.tlog\link.read.1.tlog
c:\users\krray\onedrive\documents\github\cpe_512_into_to_parallel_programming\cpe_512_intro_to_parallel_programming\cpe_512_intro_to_parallel_programming\debug\add_num_mpi.tlog\link.write.1.tlog
